27 Feb 2024 11:19:32,430 INFO com.sismics.util.jpa.EMF.getEntityManagerProperties(EMF.java:67) Configuring EntityManager from hibernate.properties 
27 Feb 2024 11:19:46,433 INFO com.sismics.util.jpa.DbOpenHelper.open(DbOpenHelper.java:57) Opening database and executing incremental updates 
27 Feb 2024 11:19:46,458 INFO com.sismics.util.jpa.DbOpenHelper.open(DbOpenHelper.java:83) Unable to get database version: Table T_CONFIG not found 
27 Feb 2024 11:19:46,459 INFO com.sismics.util.jpa.DbOpenHelper.open(DbOpenHelper.java:98) Executing initial schema creation script 
27 Feb 2024 11:19:46,521 INFO com.sismics.util.jpa.DbOpenHelper.executeAllScript(DbOpenHelper.java:142) Executing script: dbupdate-000-0.sql 
27 Feb 2024 11:19:47,093 INFO com.sismics.util.jpa.DbOpenHelper.executeAllScript(DbOpenHelper.java:142) Executing script: dbupdate-000-1.sql 
27 Feb 2024 11:19:47,180 INFO com.sismics.util.jpa.DbOpenHelper.open(DbOpenHelper.java:106) Found database version 0, new version is 27, executing database incremental update scripts 
27 Feb 2024 11:19:47,187 INFO com.sismics.util.jpa.DbOpenHelper.executeAllScript(DbOpenHelper.java:142) Executing script: dbupdate-001-0.sql 
27 Feb 2024 11:19:47,340 INFO com.sismics.util.jpa.DbOpenHelper.executeAllScript(DbOpenHelper.java:142) Executing script: dbupdate-002-0.sql 
27 Feb 2024 11:19:47,372 INFO com.sismics.util.jpa.DbOpenHelper.executeAllScript(DbOpenHelper.java:142) Executing script: dbupdate-003-0.sql 
27 Feb 2024 11:19:47,395 INFO com.sismics.util.jpa.DbOpenHelper.executeAllScript(DbOpenHelper.java:142) Executing script: dbupdate-004-0.sql 
27 Feb 2024 11:19:47,449 INFO com.sismics.util.jpa.DbOpenHelper.executeAllScript(DbOpenHelper.java:142) Executing script: dbupdate-005-0.sql 
27 Feb 2024 11:19:47,465 INFO com.sismics.util.jpa.DbOpenHelper.executeAllScript(DbOpenHelper.java:142) Executing script: dbupdate-006-0.sql 
27 Feb 2024 11:19:47,972 INFO com.sismics.util.jpa.DbOpenHelper.executeAllScript(DbOpenHelper.java:142) Executing script: dbupdate-007-0.sql 
27 Feb 2024 11:19:47,992 INFO com.sismics.util.jpa.DbOpenHelper.executeAllScript(DbOpenHelper.java:142) Executing script: dbupdate-008-0.sql 
27 Feb 2024 11:19:48,014 INFO com.sismics.util.jpa.DbOpenHelper.executeAllScript(DbOpenHelper.java:142) Executing script: dbupdate-009-0.sql 
27 Feb 2024 11:19:48,040 INFO com.sismics.util.jpa.DbOpenHelper.executeAllScript(DbOpenHelper.java:142) Executing script: dbupdate-010-0.sql 
27 Feb 2024 11:19:48,055 INFO com.sismics.util.jpa.DbOpenHelper.executeAllScript(DbOpenHelper.java:142) Executing script: dbupdate-011-0.sql 
27 Feb 2024 11:19:48,076 INFO com.sismics.util.jpa.DbOpenHelper.executeAllScript(DbOpenHelper.java:142) Executing script: dbupdate-012-0.sql 
27 Feb 2024 11:19:48,103 INFO com.sismics.util.jpa.DbOpenHelper.executeAllScript(DbOpenHelper.java:142) Executing script: dbupdate-013-0.sql 
27 Feb 2024 11:19:48,122 INFO com.sismics.util.jpa.DbOpenHelper.executeAllScript(DbOpenHelper.java:142) Executing script: dbupdate-014-0.sql 
27 Feb 2024 11:19:48,148 INFO com.sismics.util.jpa.DbOpenHelper.executeAllScript(DbOpenHelper.java:142) Executing script: dbupdate-015-0.sql 
27 Feb 2024 11:19:48,195 INFO com.sismics.util.jpa.DbOpenHelper.executeAllScript(DbOpenHelper.java:142) Executing script: dbupdate-016-0.sql 
27 Feb 2024 11:19:48,214 INFO com.sismics.util.jpa.DbOpenHelper.executeAllScript(DbOpenHelper.java:142) Executing script: dbupdate-017-0.sql 
27 Feb 2024 11:19:48,238 INFO com.sismics.util.jpa.DbOpenHelper.executeAllScript(DbOpenHelper.java:142) Executing script: dbupdate-018-0.sql 
27 Feb 2024 11:19:48,408 INFO com.sismics.util.jpa.DbOpenHelper.executeAllScript(DbOpenHelper.java:142) Executing script: dbupdate-019-0.sql 
27 Feb 2024 11:19:48,422 INFO com.sismics.util.jpa.DbOpenHelper.executeAllScript(DbOpenHelper.java:142) Executing script: dbupdate-020-0.sql 
27 Feb 2024 11:19:48,435 INFO com.sismics.util.jpa.DbOpenHelper.executeAllScript(DbOpenHelper.java:142) Executing script: dbupdate-021-0.sql 
27 Feb 2024 11:19:48,465 INFO com.sismics.util.jpa.DbOpenHelper.executeAllScript(DbOpenHelper.java:142) Executing script: dbupdate-022-0.sql 
27 Feb 2024 11:19:48,506 INFO com.sismics.util.jpa.DbOpenHelper.executeAllScript(DbOpenHelper.java:142) Executing script: dbupdate-023-0.sql 
27 Feb 2024 11:19:48,532 INFO com.sismics.util.jpa.DbOpenHelper.executeAllScript(DbOpenHelper.java:142) Executing script: dbupdate-024-0.sql 
27 Feb 2024 11:19:48,558 INFO com.sismics.util.jpa.DbOpenHelper.executeAllScript(DbOpenHelper.java:142) Executing script: dbupdate-025-0.sql 
27 Feb 2024 11:19:48,572 INFO com.sismics.util.jpa.DbOpenHelper.executeAllScript(DbOpenHelper.java:142) Executing script: dbupdate-026-0.sql 
27 Feb 2024 11:19:48,584 INFO com.sismics.util.jpa.DbOpenHelper.executeAllScript(DbOpenHelper.java:142) Executing script: dbupdate-027-0.sql 
27 Feb 2024 11:19:48,592 INFO com.sismics.util.jpa.DbOpenHelper.open(DbOpenHelper.java:108) Database upgrade complete 
27 Feb 2024 11:19:48,598 INFO com.sismics.util.jpa.EMF.getEntityManagerProperties(EMF.java:67) Configuring EntityManager from hibernate.properties 
27 Feb 2024 11:20:17,234 INFO com.sismics.util.ClasspathScanner.findClasses(ClasspathScanner.java:48) Found 1 classes for IndexingHandler 
27 Feb 2024 11:20:18,041 INFO com.sismics.docs.core.util.indexing.LuceneIndexingHandler.initLucene(LuceneIndexingHandler.java:115) Using RAM Lucene storage 
27 Feb 2024 11:20:20,430 INFO com.sismics.docs.core.service.FileService.startUp(FileService.java:39) File service starting up 
27 Feb 2024 11:20:20,551 INFO com.sismics.docs.core.service.InboxService.startUp(InboxService.java:55) Inbox service starting up 
27 Feb 2024 12:08:05,644 INFO com.sismics.docs.core.service.InboxService.shutDown(InboxService.java:60) Inbox service shutting down 
27 Feb 2024 12:08:05,647 INFO com.sismics.docs.core.service.FileService.shutDown(FileService.java:44) File service shutting down 
12 Mar 2024 11:10:56,432 INFO com.sismics.util.jpa.EMF.getEntityManagerProperties(EMF.java:67) Configuring EntityManager from hibernate.properties 
12 Mar 2024 11:11:04,406 INFO com.sismics.util.jpa.DbOpenHelper.open(DbOpenHelper.java:57) Opening database and executing incremental updates 
12 Mar 2024 11:11:04,421 INFO com.sismics.util.jpa.DbOpenHelper.open(DbOpenHelper.java:83) Unable to get database version: Table T_CONFIG not found 
12 Mar 2024 11:11:04,423 INFO com.sismics.util.jpa.DbOpenHelper.open(DbOpenHelper.java:98) Executing initial schema creation script 
12 Mar 2024 11:11:04,458 INFO com.sismics.util.jpa.DbOpenHelper.executeAllScript(DbOpenHelper.java:142) Executing script: dbupdate-000-0.sql 
12 Mar 2024 11:11:04,798 INFO com.sismics.util.jpa.DbOpenHelper.executeAllScript(DbOpenHelper.java:142) Executing script: dbupdate-000-1.sql 
12 Mar 2024 11:11:04,852 INFO com.sismics.util.jpa.DbOpenHelper.open(DbOpenHelper.java:106) Found database version 0, new version is 27, executing database incremental update scripts 
12 Mar 2024 11:11:04,858 INFO com.sismics.util.jpa.DbOpenHelper.executeAllScript(DbOpenHelper.java:142) Executing script: dbupdate-001-0.sql 
12 Mar 2024 11:11:04,959 INFO com.sismics.util.jpa.DbOpenHelper.executeAllScript(DbOpenHelper.java:142) Executing script: dbupdate-002-0.sql 
12 Mar 2024 11:11:04,985 INFO com.sismics.util.jpa.DbOpenHelper.executeAllScript(DbOpenHelper.java:142) Executing script: dbupdate-003-0.sql 
12 Mar 2024 11:11:05,010 INFO com.sismics.util.jpa.DbOpenHelper.executeAllScript(DbOpenHelper.java:142) Executing script: dbupdate-004-0.sql 
12 Mar 2024 11:11:05,049 INFO com.sismics.util.jpa.DbOpenHelper.executeAllScript(DbOpenHelper.java:142) Executing script: dbupdate-005-0.sql 
12 Mar 2024 11:11:05,061 INFO com.sismics.util.jpa.DbOpenHelper.executeAllScript(DbOpenHelper.java:142) Executing script: dbupdate-006-0.sql 
12 Mar 2024 11:11:05,483 INFO com.sismics.util.jpa.DbOpenHelper.executeAllScript(DbOpenHelper.java:142) Executing script: dbupdate-007-0.sql 
12 Mar 2024 11:11:05,496 INFO com.sismics.util.jpa.DbOpenHelper.executeAllScript(DbOpenHelper.java:142) Executing script: dbupdate-008-0.sql 
12 Mar 2024 11:11:05,513 INFO com.sismics.util.jpa.DbOpenHelper.executeAllScript(DbOpenHelper.java:142) Executing script: dbupdate-009-0.sql 
12 Mar 2024 11:11:05,534 INFO com.sismics.util.jpa.DbOpenHelper.executeAllScript(DbOpenHelper.java:142) Executing script: dbupdate-010-0.sql 
12 Mar 2024 11:11:05,546 INFO com.sismics.util.jpa.DbOpenHelper.executeAllScript(DbOpenHelper.java:142) Executing script: dbupdate-011-0.sql 
12 Mar 2024 11:11:05,563 INFO com.sismics.util.jpa.DbOpenHelper.executeAllScript(DbOpenHelper.java:142) Executing script: dbupdate-012-0.sql 
12 Mar 2024 11:11:05,582 INFO com.sismics.util.jpa.DbOpenHelper.executeAllScript(DbOpenHelper.java:142) Executing script: dbupdate-013-0.sql 
12 Mar 2024 11:11:05,594 INFO com.sismics.util.jpa.DbOpenHelper.executeAllScript(DbOpenHelper.java:142) Executing script: dbupdate-014-0.sql 
12 Mar 2024 11:11:05,614 INFO com.sismics.util.jpa.DbOpenHelper.executeAllScript(DbOpenHelper.java:142) Executing script: dbupdate-015-0.sql 
12 Mar 2024 11:11:05,652 INFO com.sismics.util.jpa.DbOpenHelper.executeAllScript(DbOpenHelper.java:142) Executing script: dbupdate-016-0.sql 
12 Mar 2024 11:11:05,665 INFO com.sismics.util.jpa.DbOpenHelper.executeAllScript(DbOpenHelper.java:142) Executing script: dbupdate-017-0.sql 
12 Mar 2024 11:11:05,678 INFO com.sismics.util.jpa.DbOpenHelper.executeAllScript(DbOpenHelper.java:142) Executing script: dbupdate-018-0.sql 
12 Mar 2024 11:11:05,776 INFO com.sismics.util.jpa.DbOpenHelper.executeAllScript(DbOpenHelper.java:142) Executing script: dbupdate-019-0.sql 
12 Mar 2024 11:11:05,786 INFO com.sismics.util.jpa.DbOpenHelper.executeAllScript(DbOpenHelper.java:142) Executing script: dbupdate-020-0.sql 
12 Mar 2024 11:11:05,796 INFO com.sismics.util.jpa.DbOpenHelper.executeAllScript(DbOpenHelper.java:142) Executing script: dbupdate-021-0.sql 
12 Mar 2024 11:11:05,815 INFO com.sismics.util.jpa.DbOpenHelper.executeAllScript(DbOpenHelper.java:142) Executing script: dbupdate-022-0.sql 
12 Mar 2024 11:11:05,839 INFO com.sismics.util.jpa.DbOpenHelper.executeAllScript(DbOpenHelper.java:142) Executing script: dbupdate-023-0.sql 
12 Mar 2024 11:11:05,857 INFO com.sismics.util.jpa.DbOpenHelper.executeAllScript(DbOpenHelper.java:142) Executing script: dbupdate-024-0.sql 
12 Mar 2024 11:11:05,874 INFO com.sismics.util.jpa.DbOpenHelper.executeAllScript(DbOpenHelper.java:142) Executing script: dbupdate-025-0.sql 
12 Mar 2024 11:11:05,881 INFO com.sismics.util.jpa.DbOpenHelper.executeAllScript(DbOpenHelper.java:142) Executing script: dbupdate-026-0.sql 
12 Mar 2024 11:11:05,893 INFO com.sismics.util.jpa.DbOpenHelper.executeAllScript(DbOpenHelper.java:142) Executing script: dbupdate-027-0.sql 
12 Mar 2024 11:11:05,898 INFO com.sismics.util.jpa.DbOpenHelper.open(DbOpenHelper.java:108) Database upgrade complete 
12 Mar 2024 11:11:05,903 INFO com.sismics.util.jpa.EMF.getEntityManagerProperties(EMF.java:67) Configuring EntityManager from hibernate.properties 
12 Mar 2024 11:11:21,691 INFO com.sismics.util.ClasspathScanner.findClasses(ClasspathScanner.java:48) Found 1 classes for IndexingHandler 
12 Mar 2024 11:11:22,227 INFO com.sismics.docs.core.util.indexing.LuceneIndexingHandler.initLucene(LuceneIndexingHandler.java:115) Using RAM Lucene storage 
12 Mar 2024 11:11:23,770 INFO com.sismics.docs.core.service.FileService.startUp(FileService.java:39) File service starting up 
12 Mar 2024 11:11:23,849 INFO com.sismics.docs.core.service.InboxService.startUp(InboxService.java:55) Inbox service starting up 
12 Mar 2024 11:17:03,085 INFO com.sismics.docs.core.service.InboxService.shutDown(InboxService.java:60) Inbox service shutting down 
12 Mar 2024 11:17:03,087 INFO com.sismics.docs.core.service.FileService.shutDown(FileService.java:44) File service shutting down 
